mode: set
github.com/matthxwpavin/ticketing/payment/internal/router/handler.go:16.73,20.53 3 1
github.com/matthxwpavin/ticketing/payment/internal/router/handler.go:20.53,24.3 3 0
github.com/matthxwpavin/ticketing/payment/internal/router/handler.go:26.2,27.16 2 1
github.com/matthxwpavin/ticketing/payment/internal/router/handler.go:27.16,30.3 2 1
github.com/matthxwpavin/ticketing/payment/internal/router/handler.go:32.2,32.33 1 1
github.com/matthxwpavin/ticketing/payment/internal/router/router.go:22.86,26.16 3 1
github.com/matthxwpavin/ticketing/payment/internal/router/router.go:26.16,28.3 1 0
github.com/matthxwpavin/ticketing/payment/internal/router/router.go:30.2,41.10 6 1
